<?xml version="1.0" encoding="UTF-8"?>
<testng-results ignored="0" total="1" passed="1" failed="0" skipped="0">
  <reporter-output>
  </reporter-output>
  <suite started-at="2024-01-18T03:08:36 IST" name="Default suite" finished-at="2024-01-18T03:09:41 IST" duration-ms="64745">
    <groups>
    </groups>
    <test started-at="2024-01-18T03:08:36 IST" name="Default test" finished-at="2024-01-18T03:09:41 IST" duration-ms="64745">
      <class name="com.testcases.TrackOrderTestCase">
        <test-method is-config="true" signature="setup()[pri:0, instance:com.testcases.TrackOrderTestCase@55182842]" started-at="2024-01-18T03:08:36 IST" name="setup" finished-at="2024-01-18T03:08:42 IST" duration-ms="5765" status="PASS">
          <reporter-output>
          </reporter-output>
        </test-method> <!-- setup -->
        <test-method signature="TrackorderValidation()[pri:0, instance:com.testcases.TrackOrderTestCase@55182842]" started-at="2024-01-18T03:08:42 IST" name="TrackorderValidation" finished-at="2024-01-18T03:09:41 IST" duration-ms="58920" status="PASS">
          <reporter-output>
          </reporter-output>
        </test-method> <!-- TrackorderValidation -->
      </class> <!-- com.testcases.TrackOrderTestCase -->
    </test> <!-- Default test -->
  </suite> <!-- Default suite -->
</testng-results>
